2022-05-20 08:15:06,153 INFO PERFORMANCE:|1|1|-1|-1

2022-05-20 08:20:06,158 INFO PERFORMANCE:|1|1|-1|-1

2022-05-20 08:25:06,159 INFO PERFORMANCE:|1|1|-1|-1

2022-05-20 08:30:06,162 INFO PERFORMANCE:|1|1|-1|-1

2022-05-20 08:35:06,163 INFO PERFORMANCE:|1|1|-1|-1

2022-05-20 08:40:06,164 INFO PERFORMANCE:|1|1|-1|-1

2022-05-20 08:45:06,164 INFO PERFORMANCE:|4|4|-1|-1

2022-05-20 08:50:06,166 INFO PERFORMANCE:|4|1|-1|-1

2022-05-20 08:55:06,168 INFO PERFORMANCE:|4|4|-1|-1

2022-05-20 09:00:06,170 INFO PERFORMANCE:|4|4|-1|-1

2022-05-20 09:05:06,172 INFO PERFORMANCE:|4|4|-1|-1

2022-05-20 09:10:06,181 INFO PERFORMANCE:|4|4|-1|-1

2022-05-20 09:15:06,182 INFO PERFORMANCE:|4|4|-1|-1

2022-05-20 09:20:06,184 INFO PERFORMANCE:|4|4|-1|-1

2022-05-20 09:25:06,187 INFO PERFORMANCE:|4|1|-1|-1

2022-05-20 09:30:06,189 INFO PERFORMANCE:|4|4|-1|-1

2022-05-20 09:35:06,190 INFO PERFORMANCE:|0|0|-1|-1

2022-05-20 09:40:06,191 INFO PERFORMANCE:|0|0|-1|-1

2022-05-20 09:45:06,193 INFO PERFORMANCE:|0|0|-1|-1

2022-05-20 09:50:06,194 INFO PERFORMANCE:|0|0|-1|-1

2022-05-20 10:09:04,338 INFO PERFORMANCE:|0|0|-1|-1

2022-05-20 10:14:04,342 INFO PERFORMANCE:|4|4|-1|-1

2022-05-20 10:19:04,344 INFO PERFORMANCE:|4|4|2|2

2022-05-20 10:22:48,566 INFO PERFORMANCE:|0|0|-1|-1

2022-05-20 10:27:48,568 INFO PERFORMANCE:|0|0|-1|-1

